<?xml version="1.0" encoding="UTF-8"?>
<testng-results skipped="0" failed="0" ignored="0" total="1" passed="1">
  <reporter-output>
  </reporter-output>
  <suite name="Default suite" duration-ms="39856" started-at="2019-03-26T05:28:17Z" finished-at="2019-03-26T05:28:57Z">
    <groups>
    </groups>
    <test name="Default test" duration-ms="39856" started-at="2019-03-26T05:28:17Z" finished-at="2019-03-26T05:28:57Z">
      <class name="com.dreamorbit.SMC3_Rater.TestCases.ManageSettingsTest">
        <test-method status="PASS" signature="setUp()[pri:0, instance:com.dreamorbit.SMC3_Rater.TestCases.ManageSettingsTest@1500955a]" name="setUp" is-config="true" duration-ms="9759" started-at="2019-03-26T05:28:17Z" finished-at="2019-03-26T05:28:27Z">
          <reporter-output>
          </reporter-output>
        </test-method> <!-- setUp -->
        <test-method status="PASS" signature="beforeMethod(java.lang.reflect.Method)[pri:0, instance:com.dreamorbit.SMC3_Rater.TestCases.ManageSettingsTest@1500955a]" name="beforeMethod" is-config="true" duration-ms="8" started-at="2019-03-26T05:28:27Z" finished-at="2019-03-26T05:28:27Z">
          <params>
            <param index="0">
              <value>
                <![CDATA[public void com.dreamorbit.SMC3_Rater.TestCases.ManageSettingsTest.verifyCreateAndDeleteACustomSetting() throws java.lang.InterruptedException]]>
              </value>
            </param>
          </params>
          <reporter-output>
          </reporter-output>
        </test-method> <!-- beforeMethod -->
        <test-method status="PASS" signature="verifyCreateAndDeleteACustomSetting()[pri:0, instance:com.dreamorbit.SMC3_Rater.TestCases.ManageSettingsTest@1500955a]" name="verifyCreateAndDeleteACustomSetting" duration-ms="30062" started-at="2019-03-26T05:28:27Z" finished-at="2019-03-26T05:28:57Z">
          <reporter-output>
          </reporter-output>
        </test-method> <!-- verifyCreateAndDeleteACustomSetting -->
        <test-method status="PASS" signature="afterMethod(org.testng.ITestResult)[pri:0, instance:com.dreamorbit.SMC3_Rater.TestCases.ManageSettingsTest@1500955a]" name="afterMethod" is-config="true" duration-ms="0" started-at="2019-03-26T05:28:57Z" finished-at="2019-03-26T05:28:57Z">
          <params>
            <param index="0">
              <value>
                <![CDATA[[TestResult name=verifyCreateAndDeleteACustomSetting status=SUCCESS method=ManageSettingsTest.verifyCreateAndDeleteACustomSetting()[pri:0, instance:com.dreamorbit.SMC3_Rater.TestCases.ManageSettingsTest@1500955a] output={null}]]]>
              </value>
            </param>
          </params>
          <reporter-output>
          </reporter-output>
        </test-method> <!-- afterMethod -->
        <test-method status="PASS" signature="tearDown()[pri:0, instance:com.dreamorbit.SMC3_Rater.TestCases.ManageSettingsTest@1500955a]" name="tearDown" is-config="true" duration-ms="1" started-at="2019-03-26T05:28:57Z" finished-at="2019-03-26T05:28:57Z">
          <reporter-output>
          </reporter-output>
        </test-method> <!-- tearDown -->
      </class> <!-- com.dreamorbit.SMC3_Rater.TestCases.ManageSettingsTest -->
    </test> <!-- Default test -->
  </suite> <!-- Default suite -->
</testng-results>
